Using pre-set license
Built from '2021.3/staging' branch; Version is '2021.3.16f1 (4016570cf34f) revision 4200023'; Using compiler version '192829333'; Build Type 'Release'
OS: 'Windows 10  (10.0.19044) 64bit Professional' Language: 'en' Physical Memory: 32636 MB
BatchMode: 1, IsHumanControllingUs: 0, StartBugReporterOnCrash: 0, Is64bit: 1, IsPro: 1

COMMAND LINE ARGUMENTS:
C:\Program Files\Unity\Hub\Editor\2021.3.16f1\Editor\Unity.exe
-adb2
-batchMode
-noUpm
-name
AssetImportWorker0
-projectPath
C:/Users/user/Desktop/maze/maze
-logFile
Logs/AssetImportWorker0.log
-srvPort
58881
Successfully changed project path to: C:/Users/user/Desktop/maze/maze
C:/Users/user/Desktop/maze/maze
[UnityMemory] Configuration Parameters - Can be set up in boot.config
    "memorysetup-bucket-allocator-granularity=16"
    "memorysetup-bucket-allocator-bucket-count=8"
    "memorysetup-bucket-allocator-block-size=33554432"
    "memorysetup-bucket-allocator-block-count=8"
    "memorysetup-main-allocator-block-size=16777216"
    "memorysetup-thread-allocator-block-size=16777216"
    "memorysetup-gfx-main-allocator-block-size=16777216"
    "memorysetup-gfx-thread-allocator-block-size=16777216"
    "memorysetup-cache-allocator-block-size=4194304"
    "memorysetup-typetree-allocator-block-size=2097152"
    "memorysetup-profiler-bucket-allocator-granularity=16"
    "memorysetup-profiler-bucket-allocator-bucket-count=8"
    "memorysetup-profiler-bucket-allocator-block-size=33554432"
    "memorysetup-profiler-bucket-allocator-block-count=8"
    "memorysetup-profiler-allocator-block-size=16777216"
    "memorysetup-profiler-editor-allocator-block-size=1048576"
    "memorysetup-temp-allocator-size-main=16777216"
    "memorysetup-job-temp-allocator-block-size=2097152"
    "memorysetup-job-temp-allocator-block-size-background=1048576"
    "memorysetup-job-temp-allocator-reduction-small-platforms=262144"
    "memorysetup-temp-allocator-size-background-worker=32768"
    "memorysetup-temp-allocator-size-job-worker=262144"
    "memorysetup-temp-allocator-size-preload-manager=33554432"
    "memorysetup-temp-allocator-size-nav-mesh-worker=65536"
    "memorysetup-temp-allocator-size-audio-worker=65536"
    "memorysetup-temp-allocator-size-cloud-worker=32768"
    "memorysetup-temp-allocator-size-gi-baking-worker=262144"
    "memorysetup-temp-allocator-size-gfx=262144"
Player connection [29456] Host "[IP] 25.75.55.45 [Port] 0 [Flags] 2 [Guid] 3736355681 [EditorId] 3736355681 [Version] 1048832 [Id] WindowsEditor(7,DESKTOP-8G5714B) [Debug] 1 [PackageName] WindowsEditor [ProjectName] Editor" joined multi-casting on [225.0.0.222:54997]...

Player connection [29456] Host "[IP] 25.75.55.45 [Port] 0 [Flags] 2 [Guid] 3736355681 [EditorId] 3736355681 [Version] 1048832 [Id] WindowsEditor(7,DESKTOP-8G5714B) [Debug] 1 [PackageName] WindowsEditor [ProjectName] Editor" joined alternative multi-casting on [225.0.0.222:34997]...

Refreshing native plugins compatible for Editor in 89.33 ms, found 4 plugins.
Preloading 0 native plugins for Editor in 0.00 ms.
Initialize engine version: 2021.3.16f1 (4016570cf34f)
[Subsystems] Discovering subsystems at path C:/Program Files/Unity/Hub/Editor/2021.3.16f1/Editor/Data/Resources/UnitySubsystems
[Subsystems] Discovering subsystems at path C:/Users/user/Desktop/maze/maze/Assets
GfxDevice: creating device client; threaded=0; jobified=0
Direct3D:
    Version:  Direct3D 11.0 [level 11.1]
    Renderer: NVIDIA GeForce RTX 2070 Super with Max-Q Design (ID=0x1e91)
    Vendor:   NVIDIA
    VRAM:     8012 MB
    Driver:   30.0.15.1165
Initialize mono
Mono path[0] = 'C:/Program Files/Unity/Hub/Editor/2021.3.16f1/Editor/Data/Managed'
Mono path[1] = 'C:/Program Files/Unity/Hub/Editor/2021.3.16f1/Editor/Data/MonoBleedingEdge/lib/mono/unityjit-win32'
Mono config path = 'C:/Program Files/Unity/Hub/Editor/2021.3.16f1/Editor/Data/MonoBleedingEdge/etc'
Using monoOptions --debugger-agent=transport=dt_socket,embedding=1,server=y,suspend=n,address=127.0.0.1:56984
Begin MonoManager ReloadAssembly
Registering precompiled unity dll's ...
Register platform support module: C:/Program Files/Unity/Hub/Editor/2021.3.16f1/Editor/Data/PlaybackEngines/WebGLSupport/UnityEditor.WebGL.Extensions.dll
Register platform support module: C:/Program Files/Unity/Hub/Editor/2021.3.16f1/Editor/Data/PlaybackEngines/WindowsStandaloneSupport/UnityEditor.WindowsStandalone.Extensions.dll
Registered in 0.008756 seconds.
Native extension for WindowsStandalone target not found
Native extension for WebGL target not found
Refreshing native plugins compatible for Editor in 104.44 ms, found 4 plugins.
Preloading 0 native plugins for Editor in 0.00 ms.
Mono: successfully reloaded assembly
- Completed reload, in  0.642 seconds
Domain Reload Profiling:
	ReloadAssembly (643ms)
		BeginReloadAssembly (73ms)
			ExecutionOrderSort (0ms)
			DisableScriptedObjects (0ms)
			BackupInstance (0ms)
			ReleaseScriptingObjects (0ms)
			CreateAndSetChildDomain (1ms)
		EndReloadAssembly (453ms)
			LoadAssemblies (70ms)
			RebuildTransferFunctionScriptingTraits (0ms)
			SetupTypeCache (97ms)
			ReleaseScriptCaches (0ms)
			RebuildScriptCaches (25ms)
			SetupLoadedEditorAssemblies (279ms)
				LogAssemblyErrors (0ms)
				InitializePlatformSupportModulesInManaged (8ms)
				SetLoadedEditorAssemblies (0ms)
				RefreshPlugins (105ms)
				BeforeProcessingInitializeOnLoad (1ms)
				ProcessInitializeOnLoadAttributes (122ms)
				ProcessInitializeOnLoadMethodAttributes (44ms)
				AfterProcessingInitializeOnLoad (0ms)
				EditorAssembliesLoaded (0ms)
			ExecutionOrderSort2 (0ms)
			AwakeInstancesAfterBackupRestoration (0ms)
Platform modules already initialized, skipping
Registering precompiled user dll's ...
Registered in 0.010531 seconds.
Begin MonoManager ReloadAssembly
Symbol file LoadedFromMemory doesn't match image C:\Users\user\Desktop\maze\maze\Library\PackageCache\com.unity.visualscripting@1.7.8\Editor\VisualScripting.Core\Dependencies\YamlDotNet\Unity.VisualScripting.YamlDotNet.dll
Symbol file LoadedFromMemory doesn't match image C:\Users\user\Desktop\maze\maze\Library\PackageCache\com.unity.visualscripting@1.7.8\Editor\VisualScripting.Core\Dependencies\DotNetZip\Unity.VisualScripting.IonicZip.dll
Native extension for WindowsStandalone target not found
Native extension for WebGL target not found
Refreshing native plugins compatible for Editor in 84.64 ms, found 4 plugins.
Preloading 0 native plugins for Editor in 0.00 ms.
Mono: successfully reloaded assembly
- Completed reload, in  1.139 seconds
Domain Reload Profiling:
	ReloadAssembly (1140ms)
		BeginReloadAssembly (104ms)
			ExecutionOrderSort (0ms)
			DisableScriptedObjects (5ms)
			BackupInstance (0ms)
			ReleaseScriptingObjects (0ms)
			CreateAndSetChildDomain (17ms)
		EndReloadAssembly (901ms)
			LoadAssemblies (82ms)
			RebuildTransferFunctionScriptingTraits (0ms)
			SetupTypeCache (244ms)
			ReleaseScriptCaches (1ms)
			RebuildScriptCaches (57ms)
			SetupLoadedEditorAssemblies (463ms)
				LogAssemblyErrors (0ms)
				InitializePlatformSupportModulesInManaged (5ms)
				SetLoadedEditorAssemblies (0ms)
				RefreshPlugins (85ms)
				BeforeProcessingInitializeOnLoad (95ms)
				ProcessInitializeOnLoadAttributes (227ms)
				ProcessInitializeOnLoadMethodAttributes (39ms)
				AfterProcessingInitializeOnLoad (11ms)
				EditorAssembliesLoaded (0ms)
			ExecutionOrderSort2 (0ms)
			AwakeInstancesAfterBackupRestoration (5ms)
Platform modules already initialized, skipping
========================================================================
Worker process is ready to serve import requests
Launched and connected shader compiler UnityShaderCompiler.exe after 0.03 seconds
Refreshing native plugins compatible for Editor in 0.68 ms, found 4 plugins.
Preloading 0 native plugins for Editor in 0.00 ms.
Unloading 4047 Unused Serialized files (Serialized files now loaded: 0)
Unloading 44 unused Assets / (229.1 KB). Loaded Objects now: 4498.
Memory consumption went from 150.8 MB to 150.6 MB.
Total: 3.341000 ms (FindLiveObjects: 0.268400 ms CreateObjectMapping: 0.203600 ms MarkObjects: 2.742100 ms  DeleteObjects: 0.126300 ms)

AssetImportParameters requested are different than current active one (requested -> active):
  custom:video-decoder-ogg-theora: a1e56fd34408186e4bbccfd4996cb3dc -> 
  custom:container-muxer-webm: aa71ff27fc2769a1b78a27578f13a17b -> 
  custom:container-demuxer-webm: 4f35f7cbe854078d1ac9338744f61a02 -> 
  custom:video-encoder-webm-vp8: eb34c28f22e8b96e1ab97ce403110664 -> 
  custom:video-codec-MediaFoundation-h265: 746d11721c4dcdbdad8f713fa42b33f4 -> 
  custom:audio-encoder-webm-vorbis: bf7c407c2cedff20999df2af8eb42d56 -> 
  custom:framework-win-MediaFoundation: 216162199b28c13a410421893ffa2e32 -> 
  custom:container-demuxer-ogg: 62fdf1f143b41e24485cea50d1cbac27 -> 
  custom:video-decoder-webm-vp8: 9c59270c3fd7afecdb556c50c9e8de78 -> 
  custom:audio-decoder-ogg-vorbis: bf7c407c2cedff20999df2af8eb42d56 -> 
========================================================================
Received Import Request.
  Time since last request: 248065.669797 seconds.
  path: Assets/pixel/Enemies/Bat
  artifactKey: Guid(2a8e7417d25ff714c92e36cf5cccbec1) Importer(815301076,1909f56bfc062723c751e8b465ee728b)
Start importing Assets/pixel/Enemies/Bat using Guid(2a8e7417d25ff714c92e36cf5cccbec1) Importer(815301076,1909f56bfc062723c751e8b465ee728b)  -> (artifact id: 'c0fa7c92bdd564bf506e0e2acec56984') in 0.008227 seconds 
========================================================================
Received Import Request.
  Time since last request: 5.604626 seconds.
  path: Assets/pixel/Enemies/Ghost
  artifactKey: Guid(857b1a1029dd363458af7fcf9974ac94) Importer(815301076,1909f56bfc062723c751e8b465ee728b)
Start importing Assets/pixel/Enemies/Ghost using Guid(857b1a1029dd363458af7fcf9974ac94) Importer(815301076,1909f56bfc062723c751e8b465ee728b)  -> (artifact id: '51f585e61cdcc06d79e359f270737cd6') in 0.002392 seconds 
========================================================================
Received Import Request.
  Time since last request: 1.696159 seconds.
  path: Assets/pixel/Enemies/Skull
  artifactKey: Guid(8ab518e87d6df7b4185cfe14770a68ed) Importer(815301076,1909f56bfc062723c751e8b465ee728b)
Start importing Assets/pixel/Enemies/Skull using Guid(8ab518e87d6df7b4185cfe14770a68ed) Importer(815301076,1909f56bfc062723c751e8b465ee728b)  -> (artifact id: 'e51ca14e1c66a04030735cf1fbed10dd') in 0.001694 seconds 
========================================================================
Received Import Request.
  Time since last request: 1.763436 seconds.
  path: Assets/pixel/Enemies/Rocks
  artifactKey: Guid(84bdd9674959ee34391818be109f1f47) Importer(815301076,1909f56bfc062723c751e8b465ee728b)
Start importing Assets/pixel/Enemies/Rocks using Guid(84bdd9674959ee34391818be109f1f47) Importer(815301076,1909f56bfc062723c751e8b465ee728b)  -> (artifact id: 'd9c075b420b1997538bdb3ef9fbd80cf') in 0.001891 seconds 
========================================================================
Received Import Request.
  Time since last request: 5.416747 seconds.
  path: Assets/pixel/Enemies/Snail
  artifactKey: Guid(53d1dc427d5a1f0449d2e085a740a2d2) Importer(815301076,1909f56bfc062723c751e8b465ee728b)
Start importing Assets/pixel/Enemies/Snail using Guid(53d1dc427d5a1f0449d2e085a740a2d2) Importer(815301076,1909f56bfc062723c751e8b465ee728b)  -> (artifact id: '260544ce14fd70dc5829a0e6cf4409e1') in 0.001912 seconds 
========================================================================
Received Import Request.
  Time since last request: 3.573206 seconds.
  path: Assets/pixel/Enemies/Slime
  artifactKey: Guid(981f35e6877eb5e41b7e6cd4cfdcc62b) Importer(815301076,1909f56bfc062723c751e8b465ee728b)
Start importing Assets/pixel/Enemies/Slime using Guid(981f35e6877eb5e41b7e6cd4cfdcc62b) Importer(815301076,1909f56bfc062723c751e8b465ee728b)  -> (artifact id: '059362fae5f9cfb15214300366f60eef') in 0.002213 seconds 
========================================================================
Received Import Request.
  Time since last request: 0.904978 seconds.
  path: Assets/pixel/Enemies/Slime/Hit (44x30).png
  artifactKey: Guid(ff1e34e30186c7d418402e7ff65c990d) Importer(815301076,1909f56bfc062723c751e8b465ee728b)
Start importing Assets/pixel/Enemies/Slime/Hit (44x30).png using Guid(ff1e34e30186c7d418402e7ff65c990d) Importer(815301076,1909f56bfc062723c751e8b465ee728b)  -> (artifact id: 'e6bc0035512a71d3e76021cf0b9f803b') in 0.106730 seconds 
========================================================================
Received Import Request.
  Time since last request: 4.828166 seconds.
  path: Assets/pixel/Enemies/Slime/Idle-Run (44x30).png
  artifactKey: Guid(71c58889f92be5046990e2931bfff66d) Importer(815301076,1909f56bfc062723c751e8b465ee728b)
Start importing Assets/pixel/Enemies/Slime/Idle-Run (44x30).png using Guid(71c58889f92be5046990e2931bfff66d) Importer(815301076,1909f56bfc062723c751e8b465ee728b)  -> (artifact id: '4ec19ea4178ad37c432af05755ead1cc') in 0.009782 seconds 
========================================================================
Received Import Request.
  Time since last request: 6.039929 seconds.
  path: Assets/pixel/Enemies/Slime/Idle-Run (44x30).png
  artifactKey: Guid(71c58889f92be5046990e2931bfff66d) Importer(815301076,1909f56bfc062723c751e8b465ee728b)
Start importing Assets/pixel/Enemies/Slime/Idle-Run (44x30).png using Guid(71c58889f92be5046990e2931bfff66d) Importer(815301076,1909f56bfc062723c751e8b465ee728b)  -> (artifact id: 'fc957c75271245bd10ee37142dc024e2') in 0.005891 seconds 
========================================================================
Received Import Request.
  Time since last request: 12.391636 seconds.
  path: Assets/pixel/Enemies/Slime/Idle-Run (44x30).png
  artifactKey: Guid(71c58889f92be5046990e2931bfff66d) Importer(815301076,1909f56bfc062723c751e8b465ee728b)
Start importing Assets/pixel/Enemies/Slime/Idle-Run (44x30).png using Guid(71c58889f92be5046990e2931bfff66d) Importer(815301076,1909f56bfc062723c751e8b465ee728b)  -> (artifact id: 'd446eb05006b0aa67d86a0f9bd68b8d9') in 0.025253 seconds 
========================================================================
Received Import Request.
  Time since last request: 21.436591 seconds.
  path: Assets/pixel/Enemies/Slime/Particles (62x16).png
  artifactKey: Guid(fd2919fd6ab0f02478ee69782dee6681) Importer(815301076,1909f56bfc062723c751e8b465ee728b)
Start importing Assets/pixel/Enemies/Slime/Particles (62x16).png using Guid(fd2919fd6ab0f02478ee69782dee6681) Importer(815301076,1909f56bfc062723c751e8b465ee728b)  -> (artifact id: '28fc14fcaf5d1db32e59f2664fd09058') in 0.008286 seconds 
========================================================================
Received Import Request.
  Time since last request: 175.340859 seconds.
  path: Assets/pixel/Enemies/Slime/Hit (44x30).png
  artifactKey: Guid(ff1e34e30186c7d418402e7ff65c990d) Importer(815301076,1909f56bfc062723c751e8b465ee728b)
Start importing Assets/pixel/Enemies/Slime/Hit (44x30).png using Guid(ff1e34e30186c7d418402e7ff65c990d) Importer(815301076,1909f56bfc062723c751e8b465ee728b)  -> (artifact id: '3b5639c9ea899f7b78b92866a70c7472') in 0.008324 seconds 
========================================================================
Received Import Request.
  Time since last request: 7.519107 seconds.
  path: Assets/pixel/Enemies/Slime/Hit (44x30).png
  artifactKey: Guid(ff1e34e30186c7d418402e7ff65c990d) Importer(815301076,1909f56bfc062723c751e8b465ee728b)
Start importing Assets/pixel/Enemies/Slime/Hit (44x30).png using Guid(ff1e34e30186c7d418402e7ff65c990d) Importer(815301076,1909f56bfc062723c751e8b465ee728b)  -> (artifact id: '7f491dba164e5047fd6f33d49cc7e8d4') in 0.014178 seconds 
========================================================================
Received Import Request.
  Time since last request: 38.344542 seconds.
  path: Assets/pixel/Enemies/FatBird/Fall (40x48).png
  artifactKey: Guid(d581b4ddbce14e845a7d4621f40488b3) Importer(815301076,1909f56bfc062723c751e8b465ee728b)
Start importing Assets/pixel/Enemies/FatBird/Fall (40x48).png using Guid(d581b4ddbce14e845a7d4621f40488b3) Importer(815301076,1909f56bfc062723c751e8b465ee728b)  -> (artifact id: '85422e2c39b2bd9012fc8692895407bc') in 0.015064 seconds 
========================================================================
Received Import Request.
  Time since last request: 3.027311 seconds.
  path: Assets/pixel/Enemies/FatBird/Hit (40x48).png
  artifactKey: Guid(fa0914d0ef51f3249acfcca0e5cae8aa) Importer(815301076,1909f56bfc062723c751e8b465ee728b)
Start importing Assets/pixel/Enemies/FatBird/Hit (40x48).png using Guid(fa0914d0ef51f3249acfcca0e5cae8aa) Importer(815301076,1909f56bfc062723c751e8b465ee728b)  -> (artifact id: '82f7adef9db381746dbd38adabc77b40') in 0.008944 seconds 
========================================================================
Received Import Request.
  Time since last request: 1.053143 seconds.
  path: Assets/pixel/Enemies/FatBird/Idle (40x48).png
  artifactKey: Guid(3baff67b5ff416848a69e791ebc4f33b) Importer(815301076,1909f56bfc062723c751e8b465ee728b)
Start importing Assets/pixel/Enemies/FatBird/Idle (40x48).png using Guid(3baff67b5ff416848a69e791ebc4f33b) Importer(815301076,1909f56bfc062723c751e8b465ee728b)  -> (artifact id: 'cd21e20291c725499af6127005117da2') in 0.008043 seconds 
========================================================================
Received Import Request.
  Time since last request: 2.242198 seconds.
  path: Assets/pixel/Enemies/FatBird/Ground (40x48).png
  artifactKey: Guid(646ea0d587f2a154ca2ec2f830085d87) Importer(815301076,1909f56bfc062723c751e8b465ee728b)
Start importing Assets/pixel/Enemies/FatBird/Ground (40x48).png using Guid(646ea0d587f2a154ca2ec2f830085d87) Importer(815301076,1909f56bfc062723c751e8b465ee728b)  -> (artifact id: '527fe7f5782ab4d5acd555de6abf7355') in 0.009197 seconds 
========================================================================
Received Import Request.
  Time since last request: 50.386414 seconds.
  path: Assets/pixel/Enemies/FatBird/Idle (40x48).png
  artifactKey: Guid(3baff67b5ff416848a69e791ebc4f33b) Importer(815301076,1909f56bfc062723c751e8b465ee728b)
Start importing Assets/pixel/Enemies/FatBird/Idle (40x48).png using Guid(3baff67b5ff416848a69e791ebc4f33b) Importer(815301076,1909f56bfc062723c751e8b465ee728b)  -> (artifact id: '7f3028a56acf7a374e7e700245bf09c8') in 0.007934 seconds 
========================================================================
Received Import Request.
  Time since last request: 7.943472 seconds.
  path: Assets/pixel/Enemies/FatBird/Idle (40x48).png
  artifactKey: Guid(3baff67b5ff416848a69e791ebc4f33b) Importer(815301076,1909f56bfc062723c751e8b465ee728b)
Start importing Assets/pixel/Enemies/FatBird/Idle (40x48).png using Guid(3baff67b5ff416848a69e791ebc4f33b) Importer(815301076,1909f56bfc062723c751e8b465ee728b)  -> (artifact id: 'd38bbcca9e281a51806bbc6acec01033') in 0.026711 seconds 
