Using pre-set license
Built from '2021.3/staging' branch; Version is '2021.3.16f1 (4016570cf34f) revision 4200023'; Using compiler version '192829333'; Build Type 'Release'
OS: 'Windows 10  (10.0.19044) 64bit Professional' Language: 'en' Physical Memory: 32636 MB
BatchMode: 1, IsHumanControllingUs: 0, StartBugReporterOnCrash: 0, Is64bit: 1, IsPro: 1

COMMAND LINE ARGUMENTS:
C:\Program Files\Unity\Hub\Editor\2021.3.16f1\Editor\Unity.exe
-adb2
-batchMode
-noUpm
-name
AssetImportWorker0
-projectPath
C:/Users/user/Desktop/12_Kelly_Project/DogeEscape
-logFile
Logs/AssetImportWorker0.log
-srvPort
49368
Successfully changed project path to: C:/Users/user/Desktop/12_Kelly_Project/DogeEscape
C:/Users/user/Desktop/12_Kelly_Project/DogeEscape
[UnityMemory] Configuration Parameters - Can be set up in boot.config
    "memorysetup-bucket-allocator-granularity=16"
    "memorysetup-bucket-allocator-bucket-count=8"
    "memorysetup-bucket-allocator-block-size=33554432"
    "memorysetup-bucket-allocator-block-count=8"
    "memorysetup-main-allocator-block-size=16777216"
    "memorysetup-thread-allocator-block-size=16777216"
    "memorysetup-gfx-main-allocator-block-size=16777216"
    "memorysetup-gfx-thread-allocator-block-size=16777216"
    "memorysetup-cache-allocator-block-size=4194304"
    "memorysetup-typetree-allocator-block-size=2097152"
    "memorysetup-profiler-bucket-allocator-granularity=16"
    "memorysetup-profiler-bucket-allocator-bucket-count=8"
    "memorysetup-profiler-bucket-allocator-block-size=33554432"
    "memorysetup-profiler-bucket-allocator-block-count=8"
    "memorysetup-profiler-allocator-block-size=16777216"
    "memorysetup-profiler-editor-allocator-block-size=1048576"
    "memorysetup-temp-allocator-size-main=16777216"
    "memorysetup-job-temp-allocator-block-size=2097152"
    "memorysetup-job-temp-allocator-block-size-background=1048576"
    "memorysetup-job-temp-allocator-reduction-small-platforms=262144"
    "memorysetup-temp-allocator-size-background-worker=32768"
    "memorysetup-temp-allocator-size-job-worker=262144"
    "memorysetup-temp-allocator-size-preload-manager=33554432"
    "memorysetup-temp-allocator-size-nav-mesh-worker=65536"
    "memorysetup-temp-allocator-size-audio-worker=65536"
    "memorysetup-temp-allocator-size-cloud-worker=32768"
    "memorysetup-temp-allocator-size-gi-baking-worker=262144"
    "memorysetup-temp-allocator-size-gfx=262144"
Player connection [29936] Host "[IP] 25.75.55.45 [Port] 0 [Flags] 2 [Guid] 3866214375 [EditorId] 3866214375 [Version] 1048832 [Id] WindowsEditor(7,DESKTOP-8G5714B) [Debug] 1 [PackageName] WindowsEditor [ProjectName] Editor" joined multi-casting on [225.0.0.222:54997]...

Player connection [29936] Host "[IP] 25.75.55.45 [Port] 0 [Flags] 2 [Guid] 3866214375 [EditorId] 3866214375 [Version] 1048832 [Id] WindowsEditor(7,DESKTOP-8G5714B) [Debug] 1 [PackageName] WindowsEditor [ProjectName] Editor" joined alternative multi-casting on [225.0.0.222:34997]...

Refreshing native plugins compatible for Editor in 107.34 ms, found 4 plugins.
Preloading 0 native plugins for Editor in 0.00 ms.
Initialize engine version: 2021.3.16f1 (4016570cf34f)
[Subsystems] Discovering subsystems at path C:/Program Files/Unity/Hub/Editor/2021.3.16f1/Editor/Data/Resources/UnitySubsystems
[Subsystems] Discovering subsystems at path C:/Users/user/Desktop/12_Kelly_Project/DogeEscape/Assets
GfxDevice: creating device client; threaded=0; jobified=0
Direct3D:
    Version:  Direct3D 11.0 [level 11.1]
    Renderer: NVIDIA GeForce RTX 2070 Super with Max-Q Design (ID=0x1e91)
    Vendor:   NVIDIA
    VRAM:     8012 MB
    Driver:   30.0.15.1165
Initialize mono
Mono path[0] = 'C:/Program Files/Unity/Hub/Editor/2021.3.16f1/Editor/Data/Managed'
Mono path[1] = 'C:/Program Files/Unity/Hub/Editor/2021.3.16f1/Editor/Data/MonoBleedingEdge/lib/mono/unityjit-win32'
Mono config path = 'C:/Program Files/Unity/Hub/Editor/2021.3.16f1/Editor/Data/MonoBleedingEdge/etc'
Using monoOptions --debugger-agent=transport=dt_socket,embedding=1,server=y,suspend=n,address=127.0.0.1:56084
Begin MonoManager ReloadAssembly
Registering precompiled unity dll's ...
Register platform support module: C:/Program Files/Unity/Hub/Editor/2021.3.16f1/Editor/Data/PlaybackEngines/WebGLSupport/UnityEditor.WebGL.Extensions.dll
Register platform support module: C:/Program Files/Unity/Hub/Editor/2021.3.16f1/Editor/Data/PlaybackEngines/WindowsStandaloneSupport/UnityEditor.WindowsStandalone.Extensions.dll
Registered in 0.007986 seconds.
Native extension for WindowsStandalone target not found
Native extension for WebGL target not found
Refreshing native plugins compatible for Editor in 88.30 ms, found 4 plugins.
Preloading 0 native plugins for Editor in 0.00 ms.
Mono: successfully reloaded assembly
- Completed reload, in  0.639 seconds
Domain Reload Profiling:
	ReloadAssembly (640ms)
		BeginReloadAssembly (72ms)
			ExecutionOrderSort (0ms)
			DisableScriptedObjects (0ms)
			BackupInstance (0ms)
			ReleaseScriptingObjects (0ms)
			CreateAndSetChildDomain (1ms)
		EndReloadAssembly (455ms)
			LoadAssemblies (68ms)
			RebuildTransferFunctionScriptingTraits (0ms)
			SetupTypeCache (102ms)
			ReleaseScriptCaches (0ms)
			RebuildScriptCaches (27ms)
			SetupLoadedEditorAssemblies (271ms)
				LogAssemblyErrors (0ms)
				InitializePlatformSupportModulesInManaged (8ms)
				SetLoadedEditorAssemblies (0ms)
				RefreshPlugins (88ms)
				BeforeProcessingInitializeOnLoad (1ms)
				ProcessInitializeOnLoadAttributes (117ms)
				ProcessInitializeOnLoadMethodAttributes (56ms)
				AfterProcessingInitializeOnLoad (0ms)
				EditorAssembliesLoaded (0ms)
			ExecutionOrderSort2 (0ms)
			AwakeInstancesAfterBackupRestoration (0ms)
Platform modules already initialized, skipping
Registering precompiled user dll's ...
Registered in 0.012798 seconds.
Begin MonoManager ReloadAssembly
Symbol file LoadedFromMemory doesn't match image C:\Users\user\Desktop\12_Kelly_Project\DogeEscape\Library\PackageCache\com.unity.visualscripting@1.7.8\Editor\VisualScripting.Core\Dependencies\YamlDotNet\Unity.VisualScripting.YamlDotNet.dll
Symbol file LoadedFromMemory doesn't match image C:\Users\user\Desktop\12_Kelly_Project\DogeEscape\Library\PackageCache\com.unity.visualscripting@1.7.8\Editor\VisualScripting.Core\Dependencies\DotNetZip\Unity.VisualScripting.IonicZip.dll
Native extension for WindowsStandalone target not found
Native extension for WebGL target not found
Refreshing native plugins compatible for Editor in 125.53 ms, found 4 plugins.
Preloading 0 native plugins for Editor in 0.00 ms.
Mono: successfully reloaded assembly
- Completed reload, in  1.384 seconds
Domain Reload Profiling:
	ReloadAssembly (1385ms)
		BeginReloadAssembly (133ms)
			ExecutionOrderSort (0ms)
			DisableScriptedObjects (7ms)
			BackupInstance (0ms)
			ReleaseScriptingObjects (0ms)
			CreateAndSetChildDomain (24ms)
		EndReloadAssembly (1123ms)
			LoadAssemblies (107ms)
			RebuildTransferFunctionScriptingTraits (0ms)
			SetupTypeCache (245ms)
			ReleaseScriptCaches (1ms)
			RebuildScriptCaches (59ms)
			SetupLoadedEditorAssemblies (649ms)
				LogAssemblyErrors (0ms)
				InitializePlatformSupportModulesInManaged (9ms)
				SetLoadedEditorAssemblies (0ms)
				RefreshPlugins (126ms)
				BeforeProcessingInitializeOnLoad (132ms)
				ProcessInitializeOnLoadAttributes (271ms)
				ProcessInitializeOnLoadMethodAttributes (89ms)
				AfterProcessingInitializeOnLoad (21ms)
				EditorAssembliesLoaded (1ms)
			ExecutionOrderSort2 (0ms)
			AwakeInstancesAfterBackupRestoration (10ms)
Platform modules already initialized, skipping
========================================================================
Worker process is ready to serve import requests
Launched and connected shader compiler UnityShaderCompiler.exe after 0.03 seconds
Refreshing native plugins compatible for Editor in 0.69 ms, found 4 plugins.
Preloading 0 native plugins for Editor in 0.00 ms.
Unloading 4059 Unused Serialized files (Serialized files now loaded: 0)
Unloading 44 unused Assets / (229.0 KB). Loaded Objects now: 4510.
Memory consumption went from 151.1 MB to 150.9 MB.
Total: 3.066900 ms (FindLiveObjects: 0.295500 ms CreateObjectMapping: 0.263300 ms MarkObjects: 2.298500 ms  DeleteObjects: 0.208600 ms)

AssetImportParameters requested are different than current active one (requested -> active):
  custom:video-decoder-ogg-theora: a1e56fd34408186e4bbccfd4996cb3dc -> 
  custom:container-muxer-webm: aa71ff27fc2769a1b78a27578f13a17b -> 
  custom:container-demuxer-webm: 4f35f7cbe854078d1ac9338744f61a02 -> 
  custom:video-encoder-webm-vp8: eb34c28f22e8b96e1ab97ce403110664 -> 
  custom:video-codec-MediaFoundation-h265: 746d11721c4dcdbdad8f713fa42b33f4 -> 
  custom:audio-encoder-webm-vorbis: bf7c407c2cedff20999df2af8eb42d56 -> 
  custom:framework-win-MediaFoundation: 216162199b28c13a410421893ffa2e32 -> 
  custom:container-demuxer-ogg: 62fdf1f143b41e24485cea50d1cbac27 -> 
  custom:video-decoder-webm-vp8: 9c59270c3fd7afecdb556c50c9e8de78 -> 
  custom:audio-decoder-ogg-vorbis: bf7c407c2cedff20999df2af8eb42d56 -> 
========================================================================
Received Import Request.
  Time since last request: 83023.317651 seconds.
  path: Assets/Kelly's Scripts/Winningcondition.cs
  artifactKey: Guid(5d76a69a3f9182a47b7c2dfaf7618ce4) Importer(815301076,1909f56bfc062723c751e8b465ee728b)
Start importing Assets/Kelly's Scripts/Winningcondition.cs using Guid(5d76a69a3f9182a47b7c2dfaf7618ce4) Importer(815301076,1909f56bfc062723c751e8b465ee728b)  -> (artifact id: '6721dcb539becfaba04a5685e99f617d') in 0.016814 seconds 
========================================================================
Received Import Request.
  Time since last request: 22.960495 seconds.
  path: Assets/Kelly's Scripts/Winningcondition.cs
  artifactKey: Guid(5d76a69a3f9182a47b7c2dfaf7618ce4) Importer(815301076,1909f56bfc062723c751e8b465ee728b)
Start importing Assets/Kelly's Scripts/Winningcondition.cs using Guid(5d76a69a3f9182a47b7c2dfaf7618ce4) Importer(815301076,1909f56bfc062723c751e8b465ee728b)  -> (artifact id: 'b5d8c5c3918694f1ed07f0d76054d8f7') in 0.001596 seconds 
========================================================================
Received Import Request.
  Time since last request: 38.262043 seconds.
  path: Assets/Kelly's Scripts/Winningcondition.cs
  artifactKey: Guid(5d76a69a3f9182a47b7c2dfaf7618ce4) Importer(815301076,1909f56bfc062723c751e8b465ee728b)
Start importing Assets/Kelly's Scripts/Winningcondition.cs using Guid(5d76a69a3f9182a47b7c2dfaf7618ce4) Importer(815301076,1909f56bfc062723c751e8b465ee728b)  -> (artifact id: 'c95ef8efa06c9925adb9f68f782e3e11') in 0.001758 seconds 
========================================================================
Received Import Request.
  Time since last request: 4.340151 seconds.
  path: Assets/Kelly's Scripts/Winningcondition.cs
  artifactKey: Guid(5d76a69a3f9182a47b7c2dfaf7618ce4) Importer(815301076,1909f56bfc062723c751e8b465ee728b)
Start importing Assets/Kelly's Scripts/Winningcondition.cs using Guid(5d76a69a3f9182a47b7c2dfaf7618ce4) Importer(815301076,1909f56bfc062723c751e8b465ee728b)  -> (artifact id: '3d586887d570f0d21575c46c1281cbcd') in 0.001598 seconds 
========================================================================
Received Import Request.
  Time since last request: 48.377574 seconds.
  path: Assets/Kelly's Scripts/Winningcondition.cs
  artifactKey: Guid(5d76a69a3f9182a47b7c2dfaf7618ce4) Importer(815301076,1909f56bfc062723c751e8b465ee728b)
Start importing Assets/Kelly's Scripts/Winningcondition.cs using Guid(5d76a69a3f9182a47b7c2dfaf7618ce4) Importer(815301076,1909f56bfc062723c751e8b465ee728b)  -> (artifact id: 'fe292f43ef305e2203d450a35f3611ef') in 0.001785 seconds 
========================================================================
Received Import Request.
  Time since last request: 3.229774 seconds.
  path: Assets/Kelly's Scripts/Winningcondition.cs
  artifactKey: Guid(5d76a69a3f9182a47b7c2dfaf7618ce4) Importer(815301076,1909f56bfc062723c751e8b465ee728b)
Start importing Assets/Kelly's Scripts/Winningcondition.cs using Guid(5d76a69a3f9182a47b7c2dfaf7618ce4) Importer(815301076,1909f56bfc062723c751e8b465ee728b)  -> (artifact id: '55e50226304648a694e7b4ba0f18678e') in 0.001518 seconds 
========================================================================
Received Prepare
Registering precompiled user dll's ...
Registered in 0.011042 seconds.
Begin MonoManager ReloadAssembly
Symbol file LoadedFromMemory doesn't match image C:\Users\user\Desktop\12_Kelly_Project\DogeEscape\Library\PackageCache\com.unity.visualscripting@1.7.8\Editor\VisualScripting.Core\Dependencies\YamlDotNet\Unity.VisualScripting.YamlDotNet.dll
Symbol file LoadedFromMemory doesn't match image C:\Users\user\Desktop\12_Kelly_Project\DogeEscape\Library\PackageCache\com.unity.visualscripting@1.7.8\Editor\VisualScripting.Core\Dependencies\DotNetZip\Unity.VisualScripting.IonicZip.dll
Native extension for WindowsStandalone target not found
Native extension for WebGL target not found
Refreshing native plugins compatible for Editor in 0.70 ms, found 4 plugins.
Preloading 0 native plugins for Editor in 0.00 ms.
Mono: successfully reloaded assembly
- Completed reload, in  1.045 seconds
Domain Reload Profiling:
	ReloadAssembly (1046ms)
		BeginReloadAssembly (188ms)
			ExecutionOrderSort (0ms)
			DisableScriptedObjects (13ms)
			BackupInstance (0ms)
			ReleaseScriptingObjects (0ms)
			CreateAndSetChildDomain (57ms)
		EndReloadAssembly (732ms)
			LoadAssemblies (106ms)
			RebuildTransferFunctionScriptingTraits (0ms)
			SetupTypeCache (221ms)
			ReleaseScriptCaches (1ms)
			RebuildScriptCaches (43ms)
			SetupLoadedEditorAssemblies (323ms)
				LogAssemblyErrors (0ms)
				InitializePlatformSupportModulesInManaged (13ms)
				SetLoadedEditorAssemblies (0ms)
				RefreshPlugins (1ms)
				BeforeProcessingInitializeOnLoad (76ms)
				ProcessInitializeOnLoadAttributes (184ms)
				ProcessInitializeOnLoadMethodAttributes (36ms)
				AfterProcessingInitializeOnLoad (13ms)
				EditorAssembliesLoaded (0ms)
			ExecutionOrderSort2 (0ms)
			AwakeInstancesAfterBackupRestoration (9ms)
Platform modules already initialized, skipping
Refreshing native plugins compatible for Editor in 2.75 ms, found 4 plugins.
Preloading 0 native plugins for Editor in 0.00 ms.
Unloading 4054 Unused Serialized files (Serialized files now loaded: 0)
Unloading 31 unused Assets / (195.5 KB). Loaded Objects now: 4513.
Memory consumption went from 151.1 MB to 150.9 MB.
Total: 3.466400 ms (FindLiveObjects: 0.273300 ms CreateObjectMapping: 0.215400 ms MarkObjects: 2.791700 ms  DeleteObjects: 0.185000 ms)

AssetImportParameters requested are different than current active one (requested -> active):
  custom:video-decoder-ogg-theora: a1e56fd34408186e4bbccfd4996cb3dc -> 
  custom:container-muxer-webm: aa71ff27fc2769a1b78a27578f13a17b -> 
  custom:container-demuxer-webm: 4f35f7cbe854078d1ac9338744f61a02 -> 
  custom:video-encoder-webm-vp8: eb34c28f22e8b96e1ab97ce403110664 -> 
  custom:video-codec-MediaFoundation-h265: 746d11721c4dcdbdad8f713fa42b33f4 -> 
  custom:audio-encoder-webm-vorbis: bf7c407c2cedff20999df2af8eb42d56 -> 
  custom:framework-win-MediaFoundation: 216162199b28c13a410421893ffa2e32 -> 
  custom:container-demuxer-ogg: 62fdf1f143b41e24485cea50d1cbac27 -> 
  custom:video-decoder-webm-vp8: 9c59270c3fd7afecdb556c50c9e8de78 -> 
  custom:audio-decoder-ogg-vorbis: bf7c407c2cedff20999df2af8eb42d56 -> 
========================================================================
Received Import Request.
  Time since last request: 16.936902 seconds.
  path: Assets/pixel/Free/Items/Checkpoints
  artifactKey: Guid(c83f9316b384c4f44b292804fffd198a) Importer(815301076,1909f56bfc062723c751e8b465ee728b)
Start importing Assets/pixel/Free/Items/Checkpoints using Guid(c83f9316b384c4f44b292804fffd198a) Importer(815301076,1909f56bfc062723c751e8b465ee728b)  -> (artifact id: '330bbc65d98b2d2212d7ffe2aa0dcc5a') in 0.008438 seconds 
========================================================================
Received Import Request.
  Time since last request: 0.640699 seconds.
  path: Assets/pixel/Free/Items/Checkpoints/Checkpoint
  artifactKey: Guid(bdedebe8029b36b48ad8755d8c499b09) Importer(815301076,1909f56bfc062723c751e8b465ee728b)
Start importing Assets/pixel/Free/Items/Checkpoints/Checkpoint using Guid(bdedebe8029b36b48ad8755d8c499b09) Importer(815301076,1909f56bfc062723c751e8b465ee728b)  -> (artifact id: '3ec7c3c138b47f8746023f2e1a9e6d29') in 0.001402 seconds 
========================================================================
Received Import Request.
  Time since last request: 0.391855 seconds.
  path: Assets/pixel/Free/Items/Checkpoints/End
  artifactKey: Guid(9e6074f98d1b44c47b10eacf30dad9d4) Importer(815301076,1909f56bfc062723c751e8b465ee728b)
Start importing Assets/pixel/Free/Items/Checkpoints/End using Guid(9e6074f98d1b44c47b10eacf30dad9d4) Importer(815301076,1909f56bfc062723c751e8b465ee728b)  -> (artifact id: '07829bfaf332cef34f677eb99238f134') in 0.001924 seconds 
========================================================================
Received Import Request.
  Time since last request: 0.239554 seconds.
  path: Assets/pixel/Free/Items/Checkpoints/Start
  artifactKey: Guid(32c86dc8c610a9748b290efc4aeeb843) Importer(815301076,1909f56bfc062723c751e8b465ee728b)
Start importing Assets/pixel/Free/Items/Checkpoints/Start using Guid(32c86dc8c610a9748b290efc4aeeb843) Importer(815301076,1909f56bfc062723c751e8b465ee728b)  -> (artifact id: '3ee0b9d4ee34f69ddb4109cae0c26262') in 0.001722 seconds 
========================================================================
Received Import Request.
  Time since last request: 1.098317 seconds.
  path: Assets/pixel/Free/Items/Checkpoints/End/End (Idle).png
  artifactKey: Guid(77c08c59592fffc41a821799bb140b7f) Importer(815301076,1909f56bfc062723c751e8b465ee728b)
Start importing Assets/pixel/Free/Items/Checkpoints/End/End (Idle).png using Guid(77c08c59592fffc41a821799bb140b7f) Importer(815301076,1909f56bfc062723c751e8b465ee728b)  -> (artifact id: '0f646391fb7ab766808513c6285ca94a') in 0.097048 seconds 
========================================================================
Received Import Request.
  Time since last request: 1.895152 seconds.
  path: Assets/pixel/Free/Items/Checkpoints/Start/Start (Idle).png
  artifactKey: Guid(3cec021288f2bbb408113cf086a93226) Importer(815301076,1909f56bfc062723c751e8b465ee728b)
Start importing Assets/pixel/Free/Items/Checkpoints/Start/Start (Idle).png using Guid(3cec021288f2bbb408113cf086a93226) Importer(815301076,1909f56bfc062723c751e8b465ee728b)  -> (artifact id: '7d03528748ecdcb4a495b22260441fd8') in 0.008467 seconds 
========================================================================
Received Import Request.
  Time since last request: 2.343191 seconds.
  path: Assets/pixel/Free/Items/Checkpoints/Checkpoint/Checkpoint (Flag Idle)(64x64).png
  artifactKey: Guid(53242a4e9e820694ab87a29078610875) Importer(815301076,1909f56bfc062723c751e8b465ee728b)
Start importing Assets/pixel/Free/Items/Checkpoints/Checkpoint/Checkpoint (Flag Idle)(64x64).png using Guid(53242a4e9e820694ab87a29078610875) Importer(815301076,1909f56bfc062723c751e8b465ee728b)  -> (artifact id: '39e866dadd338d2e07e9c0837260f40c') in 0.011452 seconds 
========================================================================
Received Import Request.
  Time since last request: 4.515890 seconds.
  path: Assets/pixel/Free/Items/Checkpoints/Checkpoint/Checkpoint (Flag Out) (64x64).png
  artifactKey: Guid(e131c1d8470acad42829d6c37c0760a5) Importer(815301076,1909f56bfc062723c751e8b465ee728b)
Start importing Assets/pixel/Free/Items/Checkpoints/Checkpoint/Checkpoint (Flag Out) (64x64).png using Guid(e131c1d8470acad42829d6c37c0760a5) Importer(815301076,1909f56bfc062723c751e8b465ee728b)  -> (artifact id: 'e67e823b31273cffd76c7dfc0f95dc73') in 0.014036 seconds 
========================================================================
Received Import Request.
  Time since last request: 14.124358 seconds.
  path: Assets/pixel/Free/Items/Checkpoints/Checkpoint/Checkpoint (Flag Idle)(64x64).png
  artifactKey: Guid(53242a4e9e820694ab87a29078610875) Importer(815301076,1909f56bfc062723c751e8b465ee728b)
Start importing Assets/pixel/Free/Items/Checkpoints/Checkpoint/Checkpoint (Flag Idle)(64x64).png using Guid(53242a4e9e820694ab87a29078610875) Importer(815301076,1909f56bfc062723c751e8b465ee728b)  -> (artifact id: '2528633808f0bdaad6bd1760f82b4b1b') in 0.006490 seconds 
========================================================================
Received Import Request.
  Time since last request: 12.395285 seconds.
  path: Assets/pixel/Free/Items/Checkpoints/Checkpoint/Checkpoint (Flag Idle)(64x64).png
  artifactKey: Guid(53242a4e9e820694ab87a29078610875) Importer(815301076,1909f56bfc062723c751e8b465ee728b)
Start importing Assets/pixel/Free/Items/Checkpoints/Checkpoint/Checkpoint (Flag Idle)(64x64).png using Guid(53242a4e9e820694ab87a29078610875) Importer(815301076,1909f56bfc062723c751e8b465ee728b)  -> (artifact id: '0be868ab4b6e4045656e4b81b55d9aeb') in 0.032952 seconds 
========================================================================
Received Prepare
Registering precompiled user dll's ...
Registered in 0.010306 seconds.
Begin MonoManager ReloadAssembly
Symbol file LoadedFromMemory doesn't match image C:\Users\user\Desktop\12_Kelly_Project\DogeEscape\Library\PackageCache\com.unity.visualscripting@1.7.8\Editor\VisualScripting.Core\Dependencies\YamlDotNet\Unity.VisualScripting.YamlDotNet.dll
Symbol file LoadedFromMemory doesn't match image C:\Users\user\Desktop\12_Kelly_Project\DogeEscape\Library\PackageCache\com.unity.visualscripting@1.7.8\Editor\VisualScripting.Core\Dependencies\DotNetZip\Unity.VisualScripting.IonicZip.dll
Native extension for WindowsStandalone target not found
Native extension for WebGL target not found
Refreshing native plugins compatible for Editor in 0.81 ms, found 4 plugins.
Preloading 0 native plugins for Editor in 0.00 ms.
Mono: successfully reloaded assembly
- Completed reload, in  1.177 seconds
Domain Reload Profiling:
	ReloadAssembly (1178ms)
		BeginReloadAssembly (153ms)
			ExecutionOrderSort (0ms)
			DisableScriptedObjects (6ms)
			BackupInstance (0ms)
			ReleaseScriptingObjects (0ms)
			CreateAndSetChildDomain (40ms)
		EndReloadAssembly (887ms)
			LoadAssemblies (117ms)
			RebuildTransferFunctionScriptingTraits (0ms)
			SetupTypeCache (307ms)
			ReleaseScriptCaches (2ms)
			RebuildScriptCaches (59ms)
			SetupLoadedEditorAssemblies (350ms)
				LogAssemblyErrors (0ms)
				InitializePlatformSupportModulesInManaged (14ms)
				SetLoadedEditorAssemblies (1ms)
				RefreshPlugins (1ms)
				BeforeProcessingInitializeOnLoad (94ms)
				ProcessInitializeOnLoadAttributes (190ms)
				ProcessInitializeOnLoadMethodAttributes (37ms)
				AfterProcessingInitializeOnLoad (13ms)
				EditorAssembliesLoaded (0ms)
			ExecutionOrderSort2 (0ms)
			AwakeInstancesAfterBackupRestoration (8ms)
Platform modules already initialized, skipping
Refreshing native plugins compatible for Editor in 3.49 ms, found 4 plugins.
Preloading 0 native plugins for Editor in 0.00 ms.
Unloading 4054 Unused Serialized files (Serialized files now loaded: 0)
Unloading 31 unused Assets / (195.2 KB). Loaded Objects now: 4528.
Memory consumption went from 155.4 MB to 155.3 MB.
Total: 3.783900 ms (FindLiveObjects: 0.303200 ms CreateObjectMapping: 0.256200 ms MarkObjects: 3.068900 ms  DeleteObjects: 0.155000 ms)

AssetImportParameters requested are different than current active one (requested -> active):
  custom:video-decoder-ogg-theora: a1e56fd34408186e4bbccfd4996cb3dc -> 
  custom:container-muxer-webm: aa71ff27fc2769a1b78a27578f13a17b -> 
  custom:container-demuxer-webm: 4f35f7cbe854078d1ac9338744f61a02 -> 
  custom:video-encoder-webm-vp8: eb34c28f22e8b96e1ab97ce403110664 -> 
  custom:video-codec-MediaFoundation-h265: 746d11721c4dcdbdad8f713fa42b33f4 -> 
  custom:audio-encoder-webm-vorbis: bf7c407c2cedff20999df2af8eb42d56 -> 
  custom:framework-win-MediaFoundation: 216162199b28c13a410421893ffa2e32 -> 
  custom:container-demuxer-ogg: 62fdf1f143b41e24485cea50d1cbac27 -> 
  custom:video-decoder-webm-vp8: 9c59270c3fd7afecdb556c50c9e8de78 -> 
  custom:audio-decoder-ogg-vorbis: bf7c407c2cedff20999df2af8eb42d56 -> 
========================================================================
Received Prepare
Refreshing native plugins compatible for Editor in 6.94 ms, found 4 plugins.
Preloading 0 native plugins for Editor in 0.00 ms.
Unloading 31 Unused Serialized files (Serialized files now loaded: 0)
Unloading 31 unused Assets / (192.9 KB). Loaded Objects now: 4528.
Memory consumption went from 75.0 MB to 74.8 MB.
Total: 3.365300 ms (FindLiveObjects: 0.263400 ms CreateObjectMapping: 0.187400 ms MarkObjects: 2.715600 ms  DeleteObjects: 0.198200 ms)

AssetImportParameters requested are different than current active one (requested -> active):
  custom:video-decoder-ogg-theora: a1e56fd34408186e4bbccfd4996cb3dc -> 
  custom:container-muxer-webm: aa71ff27fc2769a1b78a27578f13a17b -> 
  custom:container-demuxer-webm: 4f35f7cbe854078d1ac9338744f61a02 -> 
  custom:video-encoder-webm-vp8: eb34c28f22e8b96e1ab97ce403110664 -> 
  custom:video-codec-MediaFoundation-h265: 746d11721c4dcdbdad8f713fa42b33f4 -> 
  custom:audio-encoder-webm-vorbis: bf7c407c2cedff20999df2af8eb42d56 -> 
  custom:framework-win-MediaFoundation: 216162199b28c13a410421893ffa2e32 -> 
  custom:container-demuxer-ogg: 62fdf1f143b41e24485cea50d1cbac27 -> 
  custom:video-decoder-webm-vp8: 9c59270c3fd7afecdb556c50c9e8de78 -> 
  custom:audio-decoder-ogg-vorbis: bf7c407c2cedff20999df2af8eb42d56 -> 
